TN:
SF:src\components\Note.js
FN:1,(anonymous_0)
FNF:1
FNH:1
FNDA:2,(anonymous_0)
DA:1,1
DA:2,2
DA:5,2
LF:3
LH:3
BRDA:2,0,0,2
BRDA:2,0,1,0
BRF:2
BRH:1
end_of_record
TN:
SF:src\components\NoteForm.js
FN:3,(anonymous_0)
FN:6,(anonymous_1)
FN:10,(anonymous_2)
FNF:3
FNH:3
FNDA:19,(anonymous_0)
FNDA:17,(anonymous_1)
FNDA:1,(anonymous_2)
DA:3,1
DA:4,19
DA:6,19
DA:7,17
DA:10,19
DA:11,1
DA:12,1
DA:17,1
DA:20,19
LF:9
LH:9
BRF:0
BRH:0
end_of_record
TN:
SF:src\components\Togglable.js
FN:4,(anonymous_0)
FN:10,(anonymous_1)
FN:14,(anonymous_2)
FNF:3
FNH:2
FNDA:7,(anonymous_0)
FNDA:3,(anonymous_1)
FNDA:0,(anonymous_2)
DA:4,1
DA:5,7
DA:7,7
DA:8,7
DA:10,7
DA:11,3
DA:14,7
DA:15,0
DA:20,7
DA:33,1
LF:10
LH:9
BRDA:7,0,0,2
BRDA:7,0,1,5
BRDA:8,1,0,2
BRDA:8,1,1,5
BRF:4
BRH:4
end_of_record
