{"C:\\Users\\Rakocevic\\Desktop\\Petar\\WebDev\\Full Stack Open\\Apps\\noteApp\\frontend\\src\\components\\Note.js": {"path":"C:\\Users\\Rakocevic\\Desktop\\Petar\\WebDev\\Full Stack Open\\Apps\\noteApp\\frontend\\src\\components\\Note.js","statementMap":{"0":{"start":{"line":1,"column":13},"end":{"line":11,"column":1}},"1":{"start":{"line":2,"column":16},"end":{"line":3,"column":45}},"2":{"start":{"line":5,"column":2},"end":{"line":10,"column":3}}},"fnMap":{"0":{"name":"(anonymous_0)","decl":{"start":{"line":1,"column":13},"end":{"line":1,"column":14}},"loc":{"start":{"line":1,"column":45},"end":{"line":11,"column":1}},"line":1}},"branchMap":{"0":{"loc":{"start":{"line":2,"column":16},"end":{"line":3,"column":45}},"type":"cond-expr","locations":[{"start":{"line":3,"column":6},"end":{"line":3,"column":26}},{"start":{"line":3,"column":29},"end":{"line":3,"column":45}}],"line":2}},"s":{"0":1,"1":2,"2":2},"f":{"0":2},"b":{"0":[2,0]},"_coverageSchema":"1a1c01bbd47fc00a2c39e90264f33305004495a9","hash":"dbd58e58e46af1a23707b35a0df55d3fa6be9386"}
,"C:\\Users\\Rakocevic\\Desktop\\Petar\\WebDev\\Full Stack Open\\Apps\\noteApp\\frontend\\src\\components\\NoteForm.js": {"path":"C:\\Users\\Rakocevic\\Desktop\\Petar\\WebDev\\Full Stack Open\\Apps\\noteApp\\frontend\\src\\components\\NoteForm.js","statementMap":{"0":{"start":{"line":3,"column":17},"end":{"line":30,"column":1}},"1":{"start":{"line":4,"column":32},"end":{"line":4,"column":44}},"2":{"start":{"line":6,"column":23},"end":{"line":8,"column":3}},"3":{"start":{"line":7,"column":4},"end":{"line":7,"column":35}},"4":{"start":{"line":10,"column":18},"end":{"line":18,"column":3}},"5":{"start":{"line":11,"column":4},"end":{"line":11,"column":27}},"6":{"start":{"line":12,"column":4},"end":{"line":15,"column":7}},"7":{"start":{"line":17,"column":4},"end":{"line":17,"column":19}},"8":{"start":{"line":20,"column":2},"end":{"line":29,"column":4}}},"fnMap":{"0":{"name":"(anonymous_0)","decl":{"start":{"line":3,"column":17},"end":{"line":3,"column":18}},"loc":{"start":{"line":3,"column":37},"end":{"line":30,"column":1}},"line":3},"1":{"name":"(anonymous_1)","decl":{"start":{"line":6,"column":23},"end":{"line":6,"column":24}},"loc":{"start":{"line":6,"column":34},"end":{"line":8,"column":3}},"line":6},"2":{"name":"(anonymous_2)","decl":{"start":{"line":10,"column":18},"end":{"line":10,"column":19}},"loc":{"start":{"line":10,"column":29},"end":{"line":18,"column":3}},"line":10}},"branchMap":{},"s":{"0":1,"1":19,"2":19,"3":17,"4":19,"5":1,"6":1,"7":1,"8":19},"f":{"0":19,"1":17,"2":1},"b":{},"_coverageSchema":"1a1c01bbd47fc00a2c39e90264f33305004495a9","hash":"cde2ac33026900d1e36bd9b859d4b5c8f8fa9203"}
,"C:\\Users\\Rakocevic\\Desktop\\Petar\\WebDev\\Full Stack Open\\Apps\\noteApp\\frontend\\src\\components\\Togglable.js": {"path":"C:\\Users\\Rakocevic\\Desktop\\Petar\\WebDev\\Full Stack Open\\Apps\\noteApp\\frontend\\src\\components\\Togglable.js","statementMap":{"0":{"start":{"line":4,"column":18},"end":{"line":31,"column":2}},"1":{"start":{"line":5,"column":32},"end":{"line":5,"column":47}},"2":{"start":{"line":7,"column":26},"end":{"line":7,"column":60}},"3":{"start":{"line":8,"column":26},"end":{"line":8,"column":60}},"4":{"start":{"line":10,"column":27},"end":{"line":12,"column":3}},"5":{"start":{"line":11,"column":4},"end":{"line":11,"column":25}},"6":{"start":{"line":14,"column":2},"end":{"line":18,"column":5}},"7":{"start":{"line":15,"column":4},"end":{"line":17,"column":6}},"8":{"start":{"line":20,"column":2},"end":{"line":30,"column":4}},"9":{"start":{"line":33,"column":0},"end":{"line":35,"column":2}}},"fnMap":{"0":{"name":"(anonymous_0)","decl":{"start":{"line":4,"column":29},"end":{"line":4,"column":30}},"loc":{"start":{"line":4,"column":46},"end":{"line":31,"column":1}},"line":4},"1":{"name":"(anonymous_1)","decl":{"start":{"line":10,"column":27},"end":{"line":10,"column":28}},"loc":{"start":{"line":10,"column":33},"end":{"line":12,"column":3}},"line":10},"2":{"name":"(anonymous_2)","decl":{"start":{"line":14,"column":28},"end":{"line":14,"column":29}},"loc":{"start":{"line":14,"column":34},"end":{"line":18,"column":3}},"line":14}},"branchMap":{"0":{"loc":{"start":{"line":7,"column":37},"end":{"line":7,"column":58}},"type":"cond-expr","locations":[{"start":{"line":7,"column":47},"end":{"line":7,"column":53}},{"start":{"line":7,"column":56},"end":{"line":7,"column":58}}],"line":7},"1":{"loc":{"start":{"line":8,"column":37},"end":{"line":8,"column":58}},"type":"cond-expr","locations":[{"start":{"line":8,"column":47},"end":{"line":8,"column":49}},{"start":{"line":8,"column":52},"end":{"line":8,"column":58}}],"line":8}},"s":{"0":1,"1":7,"2":7,"3":7,"4":7,"5":3,"6":7,"7":0,"8":7,"9":1},"f":{"0":7,"1":3,"2":0},"b":{"0":[2,5],"1":[2,5]},"_coverageSchema":"1a1c01bbd47fc00a2c39e90264f33305004495a9","hash":"eb00ccb77d8c171e526a4bf7217d74a4d91297be"}
}
